c:\users\qqeer\desktop\code\fork_calculator\consoleapplication1\release\vc143.pdb
c:\users\qqeer\desktop\code\fork_calculator\consoleapplication1\release\imgui_widgets.obj
c:\users\qqeer\desktop\code\fork_calculator\consoleapplication1\release\imgui_tables.obj
c:\users\qqeer\desktop\code\fork_calculator\consoleapplication1\release\imgui_impl_win32.obj
c:\users\qqeer\desktop\code\fork_calculator\consoleapplication1\release\imgui_impl_dx9.obj
c:\users\qqeer\desktop\code\fork_calculator\consoleapplication1\release\imgui_draw.obj
c:\users\qqeer\desktop\code\fork_calculator\consoleapplication1\release\imgui_demo.obj
c:\users\qqeer\desktop\code\fork_calculator\consoleapplication1\release\imgui.obj
c:\users\qqeer\desktop\code\fork_calculator\consoleapplication1\release\main.obj
c:\users\qqeer\desktop\code\fork_calculator\consoleapplication1\release\gui.obj
c:\users\qqeer\desktop\code\fork_calculator\consoleapplication1\release\consoleapplication1.ipdb
c:\users\qqeer\desktop\code\fork_calculator\consoleapplication1\release\consoleapplication1.iobj
c:\users\qqeer\desktop\code\fork_calculator\consoleapplication1\release\consoleapplication1.exe
c:\users\qqeer\desktop\code\fork_calculator\consoleapplication1\release\consoleapplication1.pdb
c:\users\qqeer\desktop\code\fork_calculator\consoleapplication1\release\consolea.00170e6e.tlog\cl.command.1.tlog
c:\users\qqeer\desktop\code\fork_calculator\consoleapplication1\release\consolea.00170e6e.tlog\cl.items.tlog
c:\users\qqeer\desktop\code\fork_calculator\consoleapplication1\release\consolea.00170e6e.tlog\cl.read.1.tlog
c:\users\qqeer\desktop\code\fork_calculator\consoleapplication1\release\consolea.00170e6e.tlog\cl.write.1.tlog
c:\users\qqeer\desktop\code\fork_calculator\consoleapplication1\release\consolea.00170e6e.tlog\link.command.1.tlog
c:\users\qqeer\desktop\code\fork_calculator\consoleapplication1\release\consolea.00170e6e.tlog\link.read.1.tlog
c:\users\qqeer\desktop\code\fork_calculator\consoleapplication1\release\consolea.00170e6e.tlog\link.write.1.tlog
c:\users\qqeer\desktop\code\fork_calculator\consoleapplication1\release\consolea.00170e6e.tlog\link.write.2u.tlog
